::1 - - [06/Sep/2020:07:11:18 +0000] "GET /retrieve?id=FDEEGHDB HTTP/1.1" 304 - "http://localhost:3006/" "Mozilla/5.0 (Macintosh; Intel Mac OS X 10_15_4) AppleWebKit/537.36 (KHTML, like Gecko) Chrome/85.0.4183.83 Safari/537.36"
::1 - - [06/Sep/2020:07:11:33 +0000] "GET /register?url=https:%2F%2Fen.wikipedia.org%2Fwiki%2FStack_Overflow: HTTP/1.1" 200 109 "http://localhost:3006/" "Mozilla/5.0 (Macintosh; Intel Mac OS X 10_15_4) AppleWebKit/537.36 (KHTML, like Gecko) Chrome/85.0.4183.83 Safari/537.36"
::1 - - [06/Sep/2020:07:15:57 +0000] "GET /register?url=https:%2F%2Fen.wikipedia.org%2Fwiki%2FStack_Overflow: HTTP/1.1" 200 109 "http://localhost:3006/" "Mozilla/5.0 (Macintosh; Intel Mac OS X 10_15_4) AppleWebKit/537.36 (KHTML, like Gecko) Chrome/85.0.4183.83 Safari/537.36"
::1 - - [06/Sep/2020:07:16:05 +0000] "GET /retrieve?id=CGBGHHDE HTTP/1.1" 200 124 "http://localhost:3006/" "Mozilla/5.0 (Macintosh; Intel Mac OS X 10_15_4) AppleWebKit/537.36 (KHTML, like Gecko) Chrome/85.0.4183.83 Safari/537.36"
::1 - - [06/Sep/2020:07:16:12 +0000] "GET /retrieve?id=CGBGHHDE HTTP/1.1" 500 9 "http://localhost:3006/" "Mozilla/5.0 (Macintosh; Intel Mac OS X 10_15_4) AppleWebKit/537.36 (KHTML, like Gecko) Chrome/85.0.4183.83 Safari/537.36"
::1 - - [06/Sep/2020:07:16:14 +0000] "GET /retrieve?id=CGBGHHDE HTTP/1.1" 500 9 "http://localhost:3006/" "Mozilla/5.0 (Macintosh; Intel Mac OS X 10_15_4) AppleWebKit/537.36 (KHTML, like Gecko) Chrome/85.0.4183.83 Safari/537.36"
::1 - - [06/Sep/2020:07:40:40 +0000] "GET /register?url=https:%2F%2Fen.wikipedia.org%2Fwiki%2FStack_Overflow&timeLimit=60 HTTP/1.1" 200 108 "http://localhost:3006/" "Mozilla/5.0 (Macintosh; Intel Mac OS X 10_15_4) AppleWebKit/537.36 (KHTML, like Gecko) Chrome/85.0.4183.83 Safari/537.36"
::1 - - [06/Sep/2020:07:41:01 +0000] "GET /retrieve?id=BADHCAEE HTTP/1.1" 200 122 "http://localhost:3006/" "Mozilla/5.0 (Macintosh; Intel Mac OS X 10_15_4) AppleWebKit/537.36 (KHTML, like Gecko) Chrome/85.0.4183.83 Safari/537.36"
::1 - - [06/Sep/2020:07:43:04 +0000] "GET /register?url=https:%2F%2Fen.wikipedia.org%2Fwiki%2FStack_Overflow&timeLimit=300 HTTP/1.1" 200 108 "http://localhost:3006/" "Mozilla/5.0 (Macintosh; Intel Mac OS X 10_15_4) AppleWebKit/537.36 (KHTML, like Gecko) Chrome/85.0.4183.83 Safari/537.36"
::1 - - [06/Sep/2020:07:43:12 +0000] "GET /retrieve?id=EFBBHFGH HTTP/1.1" 200 122 "http://localhost:3006/" "Mozilla/5.0 (Macintosh; Intel Mac OS X 10_15_4) AppleWebKit/537.36 (KHTML, like Gecko) Chrome/85.0.4183.83 Safari/537.36"
::1 - - [06/Sep/2020:07:43:18 +0000] "GET /retrieve?id=EFBBHFGm HTTP/1.1" 500 9 "http://localhost:3006/" "Mozilla/5.0 (Macintosh; Intel Mac OS X 10_15_4) AppleWebKit/537.36 (KHTML, like Gecko) Chrome/85.0.4183.83 Safari/537.36"
::1 - - [06/Sep/2020:07:43:26 +0000] "GET /retrieve?id=BADHCAEE HTTP/1.1" - - "http://localhost:3006/" "Mozilla/5.0 (Macintosh; Intel Mac OS X 10_15_4) AppleWebKit/537.36 (KHTML, like Gecko) Chrome/85.0.4183.83 Safari/537.36"
::1 - - [06/Sep/2020:07:43:26 +0000] "GET /retrieve?id=BADHCAEE HTTP/1.1" - - "http://localhost:3006/" "Mozilla/5.0 (Macintosh; Intel Mac OS X 10_15_4) AppleWebKit/537.36 (KHTML, like Gecko) Chrome/85.0.4183.83 Safari/537.36"
::1 - - [06/Sep/2020:07:43:33 +0000] "GET /retrieve?id=EFBBHFGH HTTP/1.1" 304 - "http://localhost:3006/" "Mozilla/5.0 (Macintosh; Intel Mac OS X 10_15_4) AppleWebKit/537.36 (KHTML, like Gecko) Chrome/85.0.4183.83 Safari/537.36"
::1 - - [06/Sep/2020:09:34:32 +0000] "GET /register?url=https:%2F%2Fgithub.com%2Fvguleaev%2FReact-Express-Mongo-Docker-tutorial%2Fblob%2Fmaster%2Freact-express-mongo-app%2Fdocker-compose.yml&timeLimit=60 HTTP/1.1" 200 182 "http://localhost:3006/" "Mozilla/5.0 (Macintosh; Intel Mac OS X 10_15_4) AppleWebKit/537.36 (KHTML, like Gecko) Chrome/85.0.4183.83 Safari/537.36"
::1 - - [06/Sep/2020:09:34:40 +0000] "GET /retrieve?id=DBGBHDGC HTTP/1.1" 200 270 "http://localhost:3006/" "Mozilla/5.0 (Macintosh; Intel Mac OS X 10_15_4) AppleWebKit/537.36 (KHTML, like Gecko) Chrome/85.0.4183.83 Safari/537.36"
::1 - - [06/Sep/2020:09:51:08 +0000] "GET /register?url=https:%2F%2Fgithub.com%2Fvguleaev%2FExpress-Mongo-Docker-tutorial%2Fblob%2Fmaster%2Ftest-mongo-app%2Fdocker-compose.yml&timeLimit=60 HTTP/1.1" 200 167 "http://localhost:3006/" "Mozilla/5.0 (Macintosh; Intel Mac OS X 10_15_4) AppleWebKit/537.36 (KHTML, like Gecko) Chrome/85.0.4183.83 Safari/537.36"
::1 - - [06/Sep/2020:09:51:18 +0000] "GET /retrieve?id=ACFGDEGH HTTP/1.1" 200 240 "http://localhost:3006/" "Mozilla/5.0 (Macintosh; Intel Mac OS X 10_15_4) AppleWebKit/537.36 (KHTML, like Gecko) Chrome/85.0.4183.83 Safari/537.36"
::1 - - [06/Sep/2020:09:51:20 +0000] "GET /retrieve?id=ACFGDEGs HTTP/1.1" 500 9 "http://localhost:3006/" "Mozilla/5.0 (Macintosh; Intel Mac OS X 10_15_4) AppleWebKit/537.36 (KHTML, like Gecko) Chrome/85.0.4183.83 Safari/537.36"
::1 - - [06/Sep/2020:09:52:01 +0000] "GET /retrieve?id=ACFGDEGH HTTP/1.1" 304 - "http://localhost:3006/" "Mozilla/5.0 (Macintosh; Intel Mac OS X 10_15_4) AppleWebKit/537.36 (KHTML, like Gecko) Chrome/85.0.4183.83 Safari/537.36"
::1 - - [06/Sep/2020:09:52:04 +0000] "GET /retrieve?id=ACFGDEGs HTTP/1.1" 500 9 "http://localhost:3006/" "Mozilla/5.0 (Macintosh; Intel Mac OS X 10_15_4) AppleWebKit/537.36 (KHTML, like Gecko) Chrome/85.0.4183.83 Safari/537.36"
::1 - - [06/Sep/2020:09:52:07 +0000] "GET /retrieve?id=ACFGDEGG HTTP/1.1" 500 9 "http://localhost:3006/" "Mozilla/5.0 (Macintosh; Intel Mac OS X 10_15_4) AppleWebKit/537.36 (KHTML, like Gecko) Chrome/85.0.4183.83 Safari/537.36"
::1 - - [06/Sep/2020:09:54:17 +0000] "GET /retrieve?id=ACFGDEGH HTTP/1.1" - - "http://localhost:3006/" "Mozilla/5.0 (Macintosh; Intel Mac OS X 10_15_4) AppleWebKit/537.36 (KHTML, like Gecko) Chrome/85.0.4183.83 Safari/537.36"
::1 - - [06/Sep/2020:09:54:37 +0000] "GET /retrieve?id=ACFGDEGK HTTP/1.1" - - "http://localhost:3006/" "Mozilla/5.0 (Macintosh; Intel Mac OS X 10_15_4) AppleWebKit/537.36 (KHTML, like Gecko) Chrome/85.0.4183.83 Safari/537.36"
::1 - - [06/Sep/2020:09:55:26 +0000] "GET /retrieve?id=ACFGDEGK HTTP/1.1" 500 9 "http://localhost:3006/" "Mozilla/5.0 (Macintosh; Intel Mac OS X 10_15_4) AppleWebKit/537.36 (KHTML, like Gecko) Chrome/85.0.4183.83 Safari/537.36"
::1 - - [06/Sep/2020:09:55:37 +0000] "GET /register?url=https:%2F%2Fgithub.com%2Fvguleaev%2FExpress-Mongo-Docker-tutorial%2Fblob%2Fmaster%2Ftest-mongo-app%2Fdocker-compose.yml&timeLimit=60 HTTP/1.1" 200 167 "http://localhost:3006/" "Mozilla/5.0 (Macintosh; Intel Mac OS X 10_15_4) AppleWebKit/537.36 (KHTML, like Gecko) Chrome/85.0.4183.83 Safari/537.36"
::1 - - [06/Sep/2020:09:55:46 +0000] "GET /retrieve?id=BDBHBDAF HTTP/1.1" 200 240 "http://localhost:3006/" "Mozilla/5.0 (Macintosh; Intel Mac OS X 10_15_4) AppleWebKit/537.36 (KHTML, like Gecko) Chrome/85.0.4183.83 Safari/537.36"
::1 - - [06/Sep/2020:09:55:55 +0000] "GET /retrieve?id=BDBHBDAm HTTP/1.1" 500 9 "http://localhost:3006/" "Mozilla/5.0 (Macintosh; Intel Mac OS X 10_15_4) AppleWebKit/537.36 (KHTML, like Gecko) Chrome/85.0.4183.83 Safari/537.36"
::1 - - [06/Sep/2020:09:56:11 +0000] "GET /retrieve?id=BDBHBDAF HTTP/1.1" 304 - "http://localhost:3006/" "Mozilla/5.0 (Macintosh; Intel Mac OS X 10_15_4) AppleWebKit/537.36 (KHTML, like Gecko) Chrome/85.0.4183.83 Safari/537.36"
::1 - - [06/Sep/2020:09:56:32 +0000] "GET /retrieve?id=BDBHBDAF HTTP/1.1" 304 - "http://localhost:3006/" "Mozilla/5.0 (Macintosh; Intel Mac OS X 10_15_4) AppleWebKit/537.36 (KHTML, like Gecko) Chrome/85.0.4183.83 Safari/537.36"
::1 - - [06/Sep/2020:09:56:38 +0000] "GET /retrieve?id=BDBHBDAF HTTP/1.1" 500 9 "http://localhost:3006/" "Mozilla/5.0 (Macintosh; Intel Mac OS X 10_15_4) AppleWebKit/537.36 (KHTML, like Gecko) Chrome/85.0.4183.83 Safari/537.36"
::1 - - [21/Nov/2020:07:10:11 +0000] "GET /register?url=sam&timeLimit=60 HTTP/1.1" 200 23 "http://localhost:3006/" "Mozilla/5.0 (Macintosh; Intel Mac OS X 10_15_4) AppleWebKit/537.36 (KHTML, like Gecko) Chrome/86.0.4240.198 Safari/537.36"
::1 - - [21/Nov/2020:07:11:46 +0000] "GET /register?url=sam&timeLimit=60 HTTP/1.1" 200 23 "http://localhost:3006/" "Mozilla/5.0 (Macintosh; Intel Mac OS X 10_15_4) AppleWebKit/537.36 (KHTML, like Gecko) Chrome/86.0.4240.198 Safari/537.36"
::1 - - [21/Nov/2020:08:02:28 +0000] "GET /register?url=sam&timeLimit=all HTTP/1.1" 200 23 "http://localhost:3006/" "Mozilla/5.0 (iPad; CPU OS 11_0 like Mac OS X) AppleWebKit/604.1.34 (KHTML, like Gecko) Version/11.0 Mobile/15A5341f Safari/604.1"
::1 - - [21/Nov/2020:08:18:30 +0000] "GET /register?url=nnn&timeLimit=all HTTP/1.1" 200 23 "http://localhost:3006/" "Mozilla/5.0 (iPad; CPU OS 11_0 like Mac OS X) AppleWebKit/604.1.34 (KHTML, like Gecko) Version/11.0 Mobile/15A5341f Safari/604.1"
::1 - - [21/Nov/2020:08:18:40 +0000] "GET /products?id=nnn HTTP/1.1" 404 1442 "http://localhost:3006/" "Mozilla/5.0 (iPad; CPU OS 11_0 like Mac OS X) AppleWebKit/604.1.34 (KHTML, like Gecko) Version/11.0 Mobile/15A5341f Safari/604.1"
::1 - - [21/Nov/2020:08:19:29 +0000] "GET /products?id=nnn HTTP/1.1" 404 1442 "http://localhost:3006/" "Mozilla/5.0 (iPad; CPU OS 11_0 like Mac OS X) AppleWebKit/604.1.34 (KHTML, like Gecko) Version/11.0 Mobile/15A5341f Safari/604.1"
::1 - - [21/Nov/2020:08:20:47 +0000] "GET /products HTTP/1.1" 404 1442 "http://localhost:3006/" "Mozilla/5.0 (iPad; CPU OS 11_0 like Mac OS X) AppleWebKit/604.1.34 (KHTML, like Gecko) Version/11.0 Mobile/15A5341f Safari/604.1"
::1 - - [21/Nov/2020:08:22:34 +0000] "GET /products HTTP/1.1" 404 1442 "http://localhost:3006/" "Mozilla/5.0 (iPad; CPU OS 11_0 like Mac OS X) AppleWebKit/604.1.34 (KHTML, like Gecko) Version/11.0 Mobile/15A5341f Safari/604.1"
::1 - - [21/Nov/2020:08:23:22 +0000] "GET /products HTTP/1.1" 404 1442 "http://localhost:3006/" "Mozilla/5.0 (iPad; CPU OS 11_0 like Mac OS X) AppleWebKit/604.1.34 (KHTML, like Gecko) Version/11.0 Mobile/15A5341f Safari/604.1"
::1 - - [21/Nov/2020:08:23:40 +0000] "GET /products HTTP/1.1" 404 1442 "http://localhost:3006/" "Mozilla/5.0 (iPad; CPU OS 11_0 like Mac OS X) AppleWebKit/604.1.34 (KHTML, like Gecko) Version/11.0 Mobile/15A5341f Safari/604.1"
::1 - - [21/Nov/2020:08:32:01 +0000] "GET /products HTTP/1.1" 200 711 "http://localhost:3006/" "Mozilla/5.0 (iPad; CPU OS 11_0 like Mac OS X) AppleWebKit/604.1.34 (KHTML, like Gecko) Version/11.0 Mobile/15A5341f Safari/604.1"
::1 - - [21/Nov/2020:08:37:56 +0000] "GET /products?id=&type=all HTTP/1.1" 200 711 "http://localhost:3006/" "Mozilla/5.0 (iPad; CPU OS 11_0 like Mac OS X) AppleWebKit/604.1.34 (KHTML, like Gecko) Version/11.0 Mobile/15A5341f Safari/604.1"
::1 - - [21/Nov/2020:08:38:09 +0000] "GET /products?id=sam&type=all HTTP/1.1" 200 711 "http://localhost:3006/" "Mozilla/5.0 (iPad; CPU OS 11_0 like Mac OS X) AppleWebKit/604.1.34 (KHTML, like Gecko) Version/11.0 Mobile/15A5341f Safari/604.1"
::1 - - [21/Nov/2020:08:38:15 +0000] "GET /products?id=sam&type=bananas HTTP/1.1" 200 711 "http://localhost:3006/" "Mozilla/5.0 (iPad; CPU OS 11_0 like Mac OS X) AppleWebKit/604.1.34 (KHTML, like Gecko) Version/11.0 Mobile/15A5341f Safari/604.1"
::1 - - [21/Nov/2020:08:39:22 +0000] "GET /products?search=sam&type=all HTTP/1.1" 200 711 "http://localhost:3006/" "Mozilla/5.0 (iPad; CPU OS 11_0 like Mac OS X) AppleWebKit/604.1.34 (KHTML, like Gecko) Version/11.0 Mobile/15A5341f Safari/604.1"
::1 - - [21/Nov/2020:08:39:38 +0000] "GET /products?search=sam&type=all HTTP/1.1" 304 - "http://localhost:3006/" "Mozilla/5.0 (iPad; CPU OS 11_0 like Mac OS X) AppleWebKit/604.1.34 (KHTML, like Gecko) Version/11.0 Mobile/15A5341f Safari/604.1"
::1 - - [21/Nov/2020:08:40:02 +0000] "GET /products?search=sam&type=apples HTTP/1.1" 200 711 "http://localhost:3006/" "Mozilla/5.0 (iPad; CPU OS 11_0 like Mac OS X) AppleWebKit/604.1.34 (KHTML, like Gecko) Version/11.0 Mobile/15A5341f Safari/604.1"
::1 - - [21/Nov/2020:08:42:52 +0000] "GET /products?search=sam&type=apples HTTP/1.1" 304 - "http://localhost:3006/" "Mozilla/5.0 (iPad; CPU OS 11_0 like Mac OS X) AppleWebKit/604.1.34 (KHTML, like Gecko) Version/11.0 Mobile/15A5341f Safari/604.1"
::1 - - [21/Nov/2020:08:43:24 +0000] "GET /products?search=sam&type=apples HTTP/1.1" 200 166 "http://localhost:3006/" "Mozilla/5.0 (iPad; CPU OS 11_0 like Mac OS X) AppleWebKit/604.1.34 (KHTML, like Gecko) Version/11.0 Mobile/15A5341f Safari/604.1"
::1 - - [21/Nov/2020:08:50:32 +0000] "GET /products?search=apple&type=apples HTTP/1.1" 200 2 "http://localhost:3006/" "Mozilla/5.0 (iPad; CPU OS 11_0 like Mac OS X) AppleWebKit/604.1.34 (KHTML, like Gecko) Version/11.0 Mobile/15A5341f Safari/604.1"
::1 - - [21/Nov/2020:08:50:55 +0000] "GET /products?search=apple-1&type=apples HTTP/1.1" 200 34 "http://localhost:3006/" "Mozilla/5.0 (iPad; CPU OS 11_0 like Mac OS X) AppleWebKit/604.1.34 (KHTML, like Gecko) Version/11.0 Mobile/15A5341f Safari/604.1"
::1 - - [21/Nov/2020:08:54:35 +0000] "GET /products?search=apple&type=apples HTTP/1.1" 200 - "http://localhost:3006/" "Mozilla/5.0 (iPad; CPU OS 11_0 like Mac OS X) AppleWebKit/604.1.34 (KHTML, like Gecko) Version/11.0 Mobile/15A5341f Safari/604.1"
::1 - - [21/Nov/2020:08:58:49 +0000] "GET /products?search=apple-1&type=apples HTTP/1.1" 304 - "http://localhost:3006/" "Mozilla/5.0 (iPad; CPU OS 11_0 like Mac OS X) AppleWebKit/604.1.34 (KHTML, like Gecko) Version/11.0 Mobile/15A5341f Safari/604.1"
::1 - - [21/Nov/2020:09:00:54 +0000] "GET /products?search=&type=all HTTP/1.1" 200 711 "http://localhost:3006/" "Mozilla/5.0 (iPad; CPU OS 11_0 like Mac OS X) AppleWebKit/604.1.34 (KHTML, like Gecko) Version/11.0 Mobile/15A5341f Safari/604.1"
::1 - - [21/Nov/2020:09:01:12 +0000] "GET /products?search=&type=apples HTTP/1.1" 200 166 "http://localhost:3006/" "Mozilla/5.0 (iPad; CPU OS 11_0 like Mac OS X) AppleWebKit/604.1.34 (KHTML, like Gecko) Version/11.0 Mobile/15A5341f Safari/604.1"
::1 - - [21/Nov/2020:09:06:36 +0000] "GET /products?search=&type=apples HTTP/1.1" 304 - "http://localhost:3006/" "Mozilla/5.0 (iPad; CPU OS 11_0 like Mac OS X) AppleWebKit/604.1.34 (KHTML, like Gecko) Version/11.0 Mobile/15A5341f Safari/604.1"
::1 - - [21/Nov/2020:09:09:14 +0000] "GET /products?search=&type=all HTTP/1.1" 304 - "http://localhost:3006/" "Mozilla/5.0 (iPad; CPU OS 11_0 like Mac OS X) AppleWebKit/604.1.34 (KHTML, like Gecko) Version/11.0 Mobile/15A5341f Safari/604.1"
::1 - - [21/Nov/2020:09:20:55 +0000] "GET /products?search=&type=all HTTP/1.1" 304 - "http://localhost:3006/" "Mozilla/5.0 (iPad; CPU OS 11_0 like Mac OS X) AppleWebKit/604.1.34 (KHTML, like Gecko) Version/11.0 Mobile/15A5341f Safari/604.1"
::1 - - [21/Nov/2020:09:34:30 +0000] "GET /products?search=&type=all HTTP/1.1" - - "http://localhost:3006/" "Mozilla/5.0 (iPad; CPU OS 11_0 like Mac OS X) AppleWebKit/604.1.34 (KHTML, like Gecko) Version/11.0 Mobile/15A5341f Safari/604.1"
::1 - - [21/Nov/2020:09:34:59 +0000] "GET /products?search=&type=all HTTP/1.1" 200 2 "http://localhost:3006/" "Mozilla/5.0 (iPad; CPU OS 11_0 like Mac OS X) AppleWebKit/604.1.34 (KHTML, like Gecko) Version/11.0 Mobile/15A5341f Safari/604.1"
::1 - - [21/Nov/2020:09:35:07 +0000] "GET /products?search=&type=apples HTTP/1.1" 200 246 "http://localhost:3006/" "Mozilla/5.0 (iPad; CPU OS 11_0 like Mac OS X) AppleWebKit/604.1.34 (KHTML, like Gecko) Version/11.0 Mobile/15A5341f Safari/604.1"
::1 - - [21/Nov/2020:09:35:14 +0000] "GET /products?search=apple-1&type=apples HTTP/1.1" 200 50 "http://localhost:3006/" "Mozilla/5.0 (iPad; CPU OS 11_0 like Mac OS X) AppleWebKit/604.1.34 (KHTML, like Gecko) Version/11.0 Mobile/15A5341f Safari/604.1"
::1 - - [21/Nov/2020:09:55:54 +0000] "GET /products?search=&type=all HTTP/1.1" 304 - "http://localhost:3006/" "Mozilla/5.0 (iPad; CPU OS 11_0 like Mac OS X) AppleWebKit/604.1.34 (KHTML, like Gecko) Version/11.0 Mobile/15A5341f Safari/604.1"
::1 - - [21/Nov/2020:09:56:22 +0000] "GET /products?search=&type=all HTTP/1.1" 200 991 "http://localhost:3006/" "Mozilla/5.0 (iPad; CPU OS 11_0 like Mac OS X) AppleWebKit/604.1.34 (KHTML, like Gecko) Version/11.0 Mobile/15A5341f Safari/604.1"
::1 - - [21/Nov/2020:09:57:30 +0000] "GET /products?search=&type=all HTTP/1.1" 304 - "http://localhost:3006/" "Mozilla/5.0 (iPad; CPU OS 11_0 like Mac OS X) AppleWebKit/604.1.34 (KHTML, like Gecko) Version/11.0 Mobile/15A5341f Safari/604.1"
::1 - - [21/Nov/2020:09:57:44 +0000] "GET /products?search=&type=all HTTP/1.1" 304 - "http://localhost:3006/" "Mozilla/5.0 (iPad; CPU OS 11_0 like Mac OS X) AppleWebKit/604.1.34 (KHTML, like Gecko) Version/11.0 Mobile/15A5341f Safari/604.1"
::1 - - [21/Nov/2020:09:58:30 +0000] "GET /products?search=&type=all HTTP/1.1" 304 - "http://localhost:3006/" "Mozilla/5.0 (iPad; CPU OS 11_0 like Mac OS X) AppleWebKit/604.1.34 (KHTML, like Gecko) Version/11.0 Mobile/15A5341f Safari/604.1"
::1 - - [21/Nov/2020:10:04:09 +0000] "GET /products?search=&type=all HTTP/1.1" 304 - "http://localhost:3006/" "Mozilla/5.0 (iPad; CPU OS 11_0 like Mac OS X) AppleWebKit/604.1.34 (KHTML, like Gecko) Version/11.0 Mobile/15A5341f Safari/604.1"
::1 - - [21/Nov/2020:10:04:59 +0000] "GET /products?search=&type=all HTTP/1.1" 304 - "http://localhost:3006/" "Mozilla/5.0 (iPad; CPU OS 11_0 like Mac OS X) AppleWebKit/604.1.34 (KHTML, like Gecko) Version/11.0 Mobile/15A5341f Safari/604.1"
::1 - - [21/Nov/2020:10:05:37 +0000] "GET /products?search=&type=all HTTP/1.1" 304 - "http://localhost:3006/" "Mozilla/5.0 (iPad; CPU OS 11_0 like Mac OS X) AppleWebKit/604.1.34 (KHTML, like Gecko) Version/11.0 Mobile/15A5341f Safari/604.1"
::1 - - [21/Nov/2020:10:05:50 +0000] "GET /products?search=&type=all HTTP/1.1" 304 - "http://localhost:3006/" "Mozilla/5.0 (Macintosh; Intel Mac OS X 10_15_4) AppleWebKit/537.36 (KHTML, like Gecko) Chrome/86.0.4240.198 Safari/537.36"
::1 - - [21/Nov/2020:10:08:29 +0000] "GET /products?search=&type=all HTTP/1.1" 304 - "http://localhost:3006/" "Mozilla/5.0 (Macintosh; Intel Mac OS X 10_15_4) AppleWebKit/537.36 (KHTML, like Gecko) Chrome/86.0.4240.198 Safari/537.36"
::1 - - [21/Nov/2020:10:08:34 +0000] "GET /products?search=&type=all HTTP/1.1" 304 - "http://localhost:3006/" "Mozilla/5.0 (Macintosh; Intel Mac OS X 10_15_4) AppleWebKit/537.36 (KHTML, like Gecko) Chrome/86.0.4240.198 Safari/537.36"
::1 - - [21/Nov/2020:10:09:11 +0000] "GET /products?search=&type=all HTTP/1.1" 304 - "http://localhost:3006/" "Mozilla/5.0 (Macintosh; Intel Mac OS X 10_15_4) AppleWebKit/537.36 (KHTML, like Gecko) Chrome/86.0.4240.198 Safari/537.36"
::1 - - [21/Nov/2020:10:27:36 +0000] "GET /products?search=&type=all HTTP/1.1" 304 - "http://localhost:3006/" "Mozilla/5.0 (Macintosh; Intel Mac OS X 10_15_4) AppleWebKit/537.36 (KHTML, like Gecko) Chrome/86.0.4240.198 Safari/537.36"
::1 - - [21/Nov/2020:10:28:12 +0000] "GET /products?search=&type=all HTTP/1.1" 304 - "http://localhost:3006/" "Mozilla/5.0 (Linux; Android 6.0; Nexus 5 Build/MRA58N) AppleWebKit/537.36 (KHTML, like Gecko) Chrome/86.0.4240.198 Mobile Safari/537.36"
::1 - - [21/Nov/2020:10:28:44 +0000] "GET /products?search=&type=all HTTP/1.1" 304 - "http://localhost:3006/" "Mozilla/5.0 (Macintosh; Intel Mac OS X 10_15_4) AppleWebKit/537.36 (KHTML, like Gecko) Chrome/86.0.4240.198 Safari/537.36"
::1 - - [21/Nov/2020:10:28:48 +0000] "GET /products?search=&type=all HTTP/1.1" 304 - "http://localhost:3006/" "Mozilla/5.0 (Macintosh; Intel Mac OS X 10_15_4) AppleWebKit/537.36 (KHTML, like Gecko) Chrome/86.0.4240.198 Safari/537.36"
::1 - - [21/Nov/2020:10:29:01 +0000] "GET /products?search=&type=all HTTP/1.1" 304 - "http://localhost:3006/" "Mozilla/5.0 (Macintosh; Intel Mac OS X 10_15_4) AppleWebKit/537.36 (KHTML, like Gecko) Chrome/86.0.4240.198 Safari/537.36"
::1 - - [21/Nov/2020:10:29:08 +0000] "GET /products?search=&type=all HTTP/1.1" 304 - "http://localhost:3006/" "Mozilla/5.0 (Macintosh; Intel Mac OS X 10_15_4) AppleWebKit/537.36 (KHTML, like Gecko) Chrome/86.0.4240.198 Safari/537.36"
::1 - - [21/Nov/2020:10:30:25 +0000] "GET /products?search=&type=all HTTP/1.1" 304 - "http://localhost:3006/" "Mozilla/5.0 (Macintosh; Intel Mac OS X 10_15_4) AppleWebKit/537.36 (KHTML, like Gecko) Chrome/86.0.4240.198 Safari/537.36"
::1 - - [21/Nov/2020:10:30:29 +0000] "GET /products?search=&type=all HTTP/1.1" 304 - "http://localhost:3006/" "Mozilla/5.0 (Macintosh; Intel Mac OS X 10_15_4) AppleWebKit/537.36 (KHTML, like Gecko) Chrome/86.0.4240.198 Safari/537.36"
::1 - - [21/Nov/2020:10:33:10 +0000] "GET /products?search=&type=all HTTP/1.1" 304 - "http://localhost:3006/" "Mozilla/5.0 (Macintosh; Intel Mac OS X 10_15_4) AppleWebKit/537.36 (KHTML, like Gecko) Chrome/86.0.4240.198 Safari/537.36"
::1 - - [21/Nov/2020:10:34:26 +0000] "GET /products?search=&type=all HTTP/1.1" 304 - "http://localhost:3006/" "Mozilla/5.0 (Macintosh; Intel Mac OS X 10_15_4) AppleWebKit/537.36 (KHTML, like Gecko) Chrome/86.0.4240.198 Safari/537.36"
::1 - - [21/Nov/2020:10:36:05 +0000] "GET /products?search=&type=all HTTP/1.1" 304 - "http://localhost:3006/" "Mozilla/5.0 (Macintosh; Intel Mac OS X 10_15_4) AppleWebKit/537.36 (KHTML, like Gecko) Chrome/86.0.4240.198 Safari/537.36"
::1 - - [21/Nov/2020:10:36:58 +0000] "GET /products?search=&type=all HTTP/1.1" 304 - "http://localhost:3006/" "Mozilla/5.0 (Macintosh; Intel Mac OS X 10_15_4) AppleWebKit/537.36 (KHTML, like Gecko) Chrome/86.0.4240.198 Safari/537.36"
::1 - - [21/Nov/2020:10:37:43 +0000] "GET /products?search=&type=all HTTP/1.1" 304 - "http://localhost:3006/" "Mozilla/5.0 (Macintosh; Intel Mac OS X 10_15_4) AppleWebKit/537.36 (KHTML, like Gecko) Chrome/86.0.4240.198 Safari/537.36"
::1 - - [21/Nov/2020:10:37:46 +0000] "GET /products?search=&type=all HTTP/1.1" 304 - "http://localhost:3006/" "Mozilla/5.0 (Macintosh; Intel Mac OS X 10_15_4) AppleWebKit/537.36 (KHTML, like Gecko) Chrome/86.0.4240.198 Safari/537.36"
::1 - - [21/Nov/2020:10:37:55 +0000] "GET /products?search=&type=apples HTTP/1.1" 304 - "http://localhost:3006/" "Mozilla/5.0 (Macintosh; Intel Mac OS X 10_15_4) AppleWebKit/537.36 (KHTML, like Gecko) Chrome/86.0.4240.198 Safari/537.36"
::1 - - [21/Nov/2020:10:37:58 +0000] "GET /products?search=&type=all HTTP/1.1" 304 - "http://localhost:3006/" "Mozilla/5.0 (Macintosh; Intel Mac OS X 10_15_4) AppleWebKit/537.36 (KHTML, like Gecko) Chrome/86.0.4240.198 Safari/537.36"
::1 - - [21/Nov/2020:10:46:21 +0000] "GET /products?search=apple-2&type=all HTTP/1.1" 200 50 "http://localhost:3006/" "Mozilla/5.0 (Macintosh; Intel Mac OS X 10_15_4) AppleWebKit/537.36 (KHTML, like Gecko) Chrome/86.0.4240.198 Safari/537.36"
::1 - - [21/Nov/2020:10:46:25 +0000] "GET /products?search=&type=all HTTP/1.1" 304 - "http://localhost:3006/" "Mozilla/5.0 (Macintosh; Intel Mac OS X 10_15_4) AppleWebKit/537.36 (KHTML, like Gecko) Chrome/86.0.4240.198 Safari/537.36"
::1 - - [21/Nov/2020:10:47:18 +0000] "GET /products?search=&type=apples HTTP/1.1" 304 - "http://localhost:3006/" "Mozilla/5.0 (Macintosh; Intel Mac OS X 10_15_4) AppleWebKit/537.36 (KHTML, like Gecko) Chrome/86.0.4240.198 Safari/537.36"
::1 - - [21/Nov/2020:10:47:22 +0000] "GET /products?search=&type=apples HTTP/1.1" 304 - "http://localhost:3006/" "Mozilla/5.0 (Macintosh; Intel Mac OS X 10_15_4) AppleWebKit/537.36 (KHTML, like Gecko) Chrome/86.0.4240.198 Safari/537.36"
::1 - - [21/Nov/2020:10:47:28 +0000] "GET /products?search=&type=all HTTP/1.1" 304 - "http://localhost:3006/" "Mozilla/5.0 (Macintosh; Intel Mac OS X 10_15_4) AppleWebKit/537.36 (KHTML, like Gecko) Chrome/86.0.4240.198 Safari/537.36"
::1 - - [21/Nov/2020:10:48:52 +0000] "GET /products?search=&type=all HTTP/1.1" 304 - "http://localhost:3006/" "Mozilla/5.0 (Macintosh; Intel Mac OS X 10_15_4) AppleWebKit/537.36 (KHTML, like Gecko) Chrome/86.0.4240.198 Safari/537.36"
::1 - - [21/Nov/2020:10:51:01 +0000] "GET /products?search=&type=all HTTP/1.1" 304 - "http://localhost:3006/" "Mozilla/5.0 (Macintosh; Intel Mac OS X 10_15_4) AppleWebKit/537.36 (KHTML, like Gecko) Chrome/86.0.4240.198 Safari/537.36"
::1 - - [21/Nov/2020:10:52:24 +0000] "GET /products?search=&type=all HTTP/1.1" 304 - "http://localhost:3006/" "Mozilla/5.0 (Macintosh; Intel Mac OS X 10_15_4) AppleWebKit/537.36 (KHTML, like Gecko) Chrome/86.0.4240.198 Safari/537.36"
::1 - - [21/Nov/2020:11:36:58 +0000] "GET /products?search=&type=all HTTP/1.1" 304 - "http://localhost:3006/" "Mozilla/5.0 (Macintosh; Intel Mac OS X 10_15_4) AppleWebKit/537.36 (KHTML, like Gecko) Chrome/86.0.4240.198 Safari/537.36"
::1 - - [21/Nov/2020:11:38:29 +0000] "GET /products?search=&type=all HTTP/1.1" 304 - "http://localhost:3006/" "Mozilla/5.0 (Macintosh; Intel Mac OS X 10_15_4) AppleWebKit/537.36 (KHTML, like Gecko) Chrome/86.0.4240.198 Safari/537.36"
::1 - - [21/Nov/2020:11:38:40 +0000] "GET /products?search=&type=all HTTP/1.1" 304 - "http://localhost:3006/" "Mozilla/5.0 (Macintosh; Intel Mac OS X 10_15_4) AppleWebKit/537.36 (KHTML, like Gecko) Chrome/86.0.4240.198 Safari/537.36"
::1 - - [21/Nov/2020:11:39:12 +0000] "GET /products?search=&type=all HTTP/1.1" 304 - "http://localhost:3006/" "Mozilla/5.0 (Macintosh; Intel Mac OS X 10_15_4) AppleWebKit/537.36 (KHTML, like Gecko) Chrome/86.0.4240.198 Safari/537.36"
::1 - - [21/Nov/2020:11:43:46 +0000] "GET /products?search=&type=all HTTP/1.1" 304 - "http://localhost:3006/" "Mozilla/5.0 (Macintosh; Intel Mac OS X 10_15_4) AppleWebKit/537.36 (KHTML, like Gecko) Chrome/86.0.4240.198 Safari/537.36"
::1 - - [21/Nov/2020:11:45:28 +0000] "GET /products?search=&type=all HTTP/1.1" 304 - "http://localhost:3006/" "Mozilla/5.0 (Macintosh; Intel Mac OS X 10_15_4) AppleWebKit/537.36 (KHTML, like Gecko) Chrome/86.0.4240.198 Safari/537.36"
::1 - - [21/Nov/2020:11:46:54 +0000] "GET /products?search=&type=all HTTP/1.1" 304 - "http://localhost:3006/" "Mozilla/5.0 (Macintosh; Intel Mac OS X 10_15_4) AppleWebKit/537.36 (KHTML, like Gecko) Chrome/86.0.4240.198 Safari/537.36"
::1 - - [21/Nov/2020:11:47:53 +0000] "GET /products?search=&type=all HTTP/1.1" 304 - "http://localhost:3006/" "Mozilla/5.0 (Macintosh; Intel Mac OS X 10_15_4) AppleWebKit/537.36 (KHTML, like Gecko) Chrome/86.0.4240.198 Safari/537.36"
::1 - - [21/Nov/2020:11:48:24 +0000] "GET /products?search=&type=all HTTP/1.1" 304 - "http://localhost:3006/" "Mozilla/5.0 (Macintosh; Intel Mac OS X 10_15_4) AppleWebKit/537.36 (KHTML, like Gecko) Chrome/86.0.4240.198 Safari/537.36"
::1 - - [21/Nov/2020:11:48:28 +0000] "GET /products?search=&type=all HTTP/1.1" 304 - "http://localhost:3006/" "Mozilla/5.0 (Macintosh; Intel Mac OS X 10_15_4) AppleWebKit/537.36 (KHTML, like Gecko) Chrome/86.0.4240.198 Safari/537.36"
::1 - - [21/Nov/2020:11:49:38 +0000] "GET /products?search=&type=all HTTP/1.1" 304 - "http://localhost:3006/" "Mozilla/5.0 (Macintosh; Intel Mac OS X 10_15_4) AppleWebKit/537.36 (KHTML, like Gecko) Chrome/86.0.4240.198 Safari/537.36"
::1 - - [21/Nov/2020:11:49:54 +0000] "GET /products?search=&type=all HTTP/1.1" 304 - "http://localhost:3006/" "Mozilla/5.0 (Macintosh; Intel Mac OS X 10_15_4) AppleWebKit/537.36 (KHTML, like Gecko) Chrome/86.0.4240.198 Safari/537.36"
::1 - - [21/Nov/2020:11:50:21 +0000] "GET /products?search=&type=all HTTP/1.1" 304 - "http://localhost:3006/" "Mozilla/5.0 (Macintosh; Intel Mac OS X 10_15_4) AppleWebKit/537.36 (KHTML, like Gecko) Chrome/86.0.4240.198 Safari/537.36"
::1 - - [21/Nov/2020:11:50:34 +0000] "GET /products?search=&type=all HTTP/1.1" 304 - "http://localhost:3006/" "Mozilla/5.0 (Macintosh; Intel Mac OS X 10_15_4) AppleWebKit/537.36 (KHTML, like Gecko) Chrome/86.0.4240.198 Safari/537.36"
::1 - - [21/Nov/2020:11:51:34 +0000] "GET /products?search=&type=all HTTP/1.1" 304 - "http://localhost:3006/" "Mozilla/5.0 (Macintosh; Intel Mac OS X 10_15_4) AppleWebKit/537.36 (KHTML, like Gecko) Chrome/86.0.4240.198 Safari/537.36"
::1 - - [21/Nov/2020:11:52:34 +0000] "GET /products?search=&type=all HTTP/1.1" 304 - "http://localhost:3006/" "Mozilla/5.0 (Macintosh; Intel Mac OS X 10_15_4) AppleWebKit/537.36 (KHTML, like Gecko) Chrome/86.0.4240.198 Safari/537.36"
::1 - - [21/Nov/2020:11:52:42 +0000] "GET /products?search=&type=all HTTP/1.1" 304 - "http://localhost:3006/" "Mozilla/5.0 (Macintosh; Intel Mac OS X 10_15_4) AppleWebKit/537.36 (KHTML, like Gecko) Chrome/86.0.4240.198 Safari/537.36"
::1 - - [21/Nov/2020:11:53:21 +0000] "GET /products?search=&type=all HTTP/1.1" 304 - "http://localhost:3006/" "Mozilla/5.0 (Macintosh; Intel Mac OS X 10_15_4) AppleWebKit/537.36 (KHTML, like Gecko) Chrome/86.0.4240.198 Safari/537.36"
::1 - - [21/Nov/2020:11:54:51 +0000] "GET /products?search=&type=all HTTP/1.1" 304 - "http://localhost:3006/" "Mozilla/5.0 (Macintosh; Intel Mac OS X 10_15_4) AppleWebKit/537.36 (KHTML, like Gecko) Chrome/86.0.4240.198 Safari/537.36"
::1 - - [21/Nov/2020:11:56:34 +0000] "GET /products?search=&type=all HTTP/1.1" 304 - "http://localhost:3006/" "Mozilla/5.0 (Macintosh; Intel Mac OS X 10_15_4) AppleWebKit/537.36 (KHTML, like Gecko) Chrome/86.0.4240.198 Safari/537.36"
::1 - - [21/Nov/2020:12:24:12 +0000] "GET /products?search=&type=all HTTP/1.1" 304 - "http://localhost:3006/" "Mozilla/5.0 (Macintosh; Intel Mac OS X 10_15_4) AppleWebKit/537.36 (KHTML, like Gecko) Chrome/86.0.4240.198 Safari/537.36"
::1 - - [21/Nov/2020:12:25:02 +0000] "GET /products?search=&type=all HTTP/1.1" 304 - "http://localhost:3006/" "Mozilla/5.0 (Macintosh; Intel Mac OS X 10_15_4) AppleWebKit/537.36 (KHTML, like Gecko) Chrome/86.0.4240.198 Safari/537.36"
::1 - - [21/Nov/2020:12:25:04 +0000] "GET /products?search=&type=all HTTP/1.1" 304 - "http://localhost:3006/" "Mozilla/5.0 (Macintosh; Intel Mac OS X 10_15_4) AppleWebKit/537.36 (KHTML, like Gecko) Chrome/86.0.4240.198 Safari/537.36"
::1 - - [21/Nov/2020:12:26:06 +0000] "GET /products?search=&type=all HTTP/1.1" 304 - "http://localhost:3006/" "Mozilla/5.0 (Macintosh; Intel Mac OS X 10_15_4) AppleWebKit/537.36 (KHTML, like Gecko) Chrome/86.0.4240.198 Safari/537.36"
::1 - - [21/Nov/2020:12:46:49 +0000] "GET /products?search=&type=all HTTP/1.1" 304 - "http://localhost:3006/" "Mozilla/5.0 (Macintosh; Intel Mac OS X 10_15_4) AppleWebKit/537.36 (KHTML, like Gecko) Chrome/86.0.4240.198 Safari/537.36"
::1 - - [21/Nov/2020:12:47:04 +0000] "GET /products?search=&type=all HTTP/1.1" 304 - "http://localhost:3006/" "Mozilla/5.0 (Macintosh; Intel Mac OS X 10_15_4) AppleWebKit/537.36 (KHTML, like Gecko) Chrome/86.0.4240.198 Safari/537.36"
::1 - - [21/Nov/2020:12:50:49 +0000] "GET /products?search=&type=all HTTP/1.1" 304 - "http://localhost:3006/" "Mozilla/5.0 (Macintosh; Intel Mac OS X 10_15_4) AppleWebKit/537.36 (KHTML, like Gecko) Chrome/86.0.4240.198 Safari/537.36"
::1 - - [21/Nov/2020:12:55:27 +0000] "GET /products?search=&type=all HTTP/1.1" 304 - "http://localhost:3006/" "Mozilla/5.0 (Macintosh; Intel Mac OS X 10_15_4) AppleWebKit/537.36 (KHTML, like Gecko) Chrome/86.0.4240.198 Safari/537.36"
::1 - - [21/Nov/2020:12:56:25 +0000] "GET /products?search=&type=all HTTP/1.1" 304 - "http://localhost:3006/" "Mozilla/5.0 (Macintosh; Intel Mac OS X 10_15_4) AppleWebKit/537.36 (KHTML, like Gecko) Chrome/86.0.4240.198 Safari/537.36"
::1 - - [21/Nov/2020:12:57:19 +0000] "GET /products?search=&type=all HTTP/1.1" 304 - "http://localhost:3006/" "Mozilla/5.0 (Macintosh; Intel Mac OS X 10_15_4) AppleWebKit/537.36 (KHTML, like Gecko) Chrome/86.0.4240.198 Safari/537.36"
::1 - - [21/Nov/2020:12:58:04 +0000] "GET /products?search=&type=all HTTP/1.1" 304 - "http://localhost:3006/" "Mozilla/5.0 (Macintosh; Intel Mac OS X 10_15_4) AppleWebKit/537.36 (KHTML, like Gecko) Chrome/86.0.4240.198 Safari/537.36"
::1 - - [21/Nov/2020:12:59:15 +0000] "GET /products?search=&type=all HTTP/1.1" 304 - "http://localhost:3006/" "Mozilla/5.0 (Macintosh; Intel Mac OS X 10_15_4) AppleWebKit/537.36 (KHTML, like Gecko) Chrome/86.0.4240.198 Safari/537.36"
::1 - - [21/Nov/2020:13:01:09 +0000] "GET /products?search=&type=all HTTP/1.1" 304 - "http://localhost:3006/" "Mozilla/5.0 (Macintosh; Intel Mac OS X 10_15_4) AppleWebKit/537.36 (KHTML, like Gecko) Chrome/86.0.4240.198 Safari/537.36"
::1 - - [21/Nov/2020:13:03:24 +0000] "GET /products?search=&type=all HTTP/1.1" 304 - "http://localhost:3006/" "Mozilla/5.0 (Macintosh; Intel Mac OS X 10_15_4) AppleWebKit/537.36 (KHTML, like Gecko) Chrome/86.0.4240.198 Safari/537.36"
::1 - - [21/Nov/2020:13:06:15 +0000] "GET /products?search=&type=all HTTP/1.1" 304 - "http://localhost:3006/" "Mozilla/5.0 (Macintosh; Intel Mac OS X 10_15_4) AppleWebKit/537.36 (KHTML, like Gecko) Chrome/86.0.4240.198 Safari/537.36"
::1 - - [21/Nov/2020:13:06:39 +0000] "GET /products?search=&type=all HTTP/1.1" 304 - "http://localhost:3006/" "Mozilla/5.0 (Macintosh; Intel Mac OS X 10_15_4) AppleWebKit/537.36 (KHTML, like Gecko) Chrome/86.0.4240.198 Safari/537.36"
::1 - - [21/Nov/2020:13:20:49 +0000] "GET /products?search=&type=all HTTP/1.1" 304 - "http://localhost:3006/" "Mozilla/5.0 (Macintosh; Intel Mac OS X 10_15_4) AppleWebKit/537.36 (KHTML, like Gecko) Chrome/86.0.4240.198 Safari/537.36"
::1 - - [21/Nov/2020:13:21:24 +0000] "GET /products?search=&type=all HTTP/1.1" 304 - "http://localhost:3006/" "Mozilla/5.0 (Macintosh; Intel Mac OS X 10_15_4) AppleWebKit/537.36 (KHTML, like Gecko) Chrome/86.0.4240.198 Safari/537.36"
::1 - - [21/Nov/2020:13:21:58 +0000] "GET /products?search=&type=all HTTP/1.1" 304 - "http://localhost:3006/" "Mozilla/5.0 (Macintosh; Intel Mac OS X 10_15_4) AppleWebKit/537.36 (KHTML, like Gecko) Chrome/86.0.4240.198 Safari/537.36"
::1 - - [21/Nov/2020:13:32:22 +0000] "GET /products?search=&type=all HTTP/1.1" 304 - "http://localhost:3006/" "Mozilla/5.0 (Macintosh; Intel Mac OS X 10_15_4) AppleWebKit/537.36 (KHTML, like Gecko) Chrome/86.0.4240.198 Safari/537.36"
::1 - - [21/Nov/2020:13:32:38 +0000] "GET /products?search=&type=all HTTP/1.1" 304 - "http://localhost:3006/" "Mozilla/5.0 (Macintosh; Intel Mac OS X 10_15_4) AppleWebKit/537.36 (KHTML, like Gecko) Chrome/86.0.4240.198 Safari/537.36"
::1 - - [21/Nov/2020:13:35:03 +0000] "GET /products?search=&type=all HTTP/1.1" 304 - "http://localhost:3006/" "Mozilla/5.0 (Macintosh; Intel Mac OS X 10_15_4) AppleWebKit/537.36 (KHTML, like Gecko) Chrome/86.0.4240.198 Safari/537.36"
::1 - - [21/Nov/2020:13:38:11 +0000] "GET /products?search=&type=all HTTP/1.1" 304 - "http://localhost:3006/" "Mozilla/5.0 (Macintosh; Intel Mac OS X 10_15_4) AppleWebKit/537.36 (KHTML, like Gecko) Chrome/86.0.4240.198 Safari/537.36"
::1 - - [21/Nov/2020:13:39:14 +0000] "GET /products?search=&type=all HTTP/1.1" 304 - "http://localhost:3006/" "Mozilla/5.0 (Macintosh; Intel Mac OS X 10_15_4) AppleWebKit/537.36 (KHTML, like Gecko) Chrome/86.0.4240.198 Safari/537.36"
::1 - - [21/Nov/2020:13:42:49 +0000] "GET /products?search=&type=all HTTP/1.1" 304 - "http://localhost:3006/" "Mozilla/5.0 (Macintosh; Intel Mac OS X 10_15_4) AppleWebKit/537.36 (KHTML, like Gecko) Chrome/86.0.4240.198 Safari/537.36"
::1 - - [21/Nov/2020:13:59:18 +0000] "GET /products?search=&type=all HTTP/1.1" 304 - "http://localhost:3006/" "Mozilla/5.0 (Macintosh; Intel Mac OS X 10_15_4) AppleWebKit/537.36 (KHTML, like Gecko) Chrome/86.0.4240.198 Safari/537.36"
::1 - - [21/Nov/2020:13:59:32 +0000] "GET /products?search=&type=all HTTP/1.1" 304 - "http://localhost:3006/" "Mozilla/5.0 (Macintosh; Intel Mac OS X 10_15_4) AppleWebKit/537.36 (KHTML, like Gecko) Chrome/86.0.4240.198 Safari/537.36"
::1 - - [21/Nov/2020:14:00:56 +0000] "GET /products?search=&type=all HTTP/1.1" 304 - "http://localhost:3006/" "Mozilla/5.0 (Macintosh; Intel Mac OS X 10_15_4) AppleWebKit/537.36 (KHTML, like Gecko) Chrome/86.0.4240.198 Safari/537.36"
::1 - - [21/Nov/2020:14:01:25 +0000] "GET /products?search=&type=all HTTP/1.1" 304 - "http://localhost:3006/" "Mozilla/5.0 (Macintosh; Intel Mac OS X 10_15_4) AppleWebKit/537.36 (KHTML, like Gecko) Chrome/86.0.4240.198 Safari/537.36"
::1 - - [21/Nov/2020:14:01:52 +0000] "GET /products?search=&type=all HTTP/1.1" 304 - "http://localhost:3006/" "Mozilla/5.0 (Macintosh; Intel Mac OS X 10_15_4) AppleWebKit/537.36 (KHTML, like Gecko) Chrome/86.0.4240.198 Safari/537.36"
::1 - - [21/Nov/2020:14:02:27 +0000] "GET /products?search=&type=all HTTP/1.1" 304 - "http://localhost:3006/" "Mozilla/5.0 (Macintosh; Intel Mac OS X 10_15_4) AppleWebKit/537.36 (KHTML, like Gecko) Chrome/86.0.4240.198 Safari/537.36"
::1 - - [21/Nov/2020:14:03:11 +0000] "GET /products?search=&type=all HTTP/1.1" 304 - "http://localhost:3006/" "Mozilla/5.0 (Macintosh; Intel Mac OS X 10_15_4) AppleWebKit/537.36 (KHTML, like Gecko) Chrome/86.0.4240.198 Safari/537.36"
::1 - - [21/Nov/2020:14:04:14 +0000] "GET /products?search=&type=all HTTP/1.1" 304 - "http://localhost:3006/" "Mozilla/5.0 (Macintosh; Intel Mac OS X 10_15_4) AppleWebKit/537.36 (KHTML, like Gecko) Chrome/86.0.4240.198 Safari/537.36"
::1 - - [21/Nov/2020:14:05:00 +0000] "GET /products?search=&type=all HTTP/1.1" 304 - "http://localhost:3006/" "Mozilla/5.0 (Macintosh; Intel Mac OS X 10_15_4) AppleWebKit/537.36 (KHTML, like Gecko) Chrome/86.0.4240.198 Safari/537.36"
::1 - - [21/Nov/2020:14:05:09 +0000] "GET /products?search=&type=all HTTP/1.1" 304 - "http://localhost:3006/" "Mozilla/5.0 (Macintosh; Intel Mac OS X 10_15_4) AppleWebKit/537.36 (KHTML, like Gecko) Chrome/86.0.4240.198 Safari/537.36"
::1 - - [21/Nov/2020:14:05:22 +0000] "GET /products?search=&type=all HTTP/1.1" 200 1089 "http://localhost:3006/" "Mozilla/5.0 (Macintosh; Intel Mac OS X 10_15_4) AppleWebKit/537.36 (KHTML, like Gecko) Chrome/86.0.4240.198 Safari/537.36"
::1 - - [21/Nov/2020:14:05:57 +0000] "GET /products?search=&type=all HTTP/1.1" 304 - "http://localhost:3006/" "Mozilla/5.0 (Macintosh; Intel Mac OS X 10_15_4) AppleWebKit/537.36 (KHTML, like Gecko) Chrome/86.0.4240.198 Safari/537.36"
::1 - - [21/Nov/2020:14:12:31 +0000] "GET /products?search=&type=all HTTP/1.1" 304 - "http://localhost:3006/" "Mozilla/5.0 (Macintosh; Intel Mac OS X 10_15_4) AppleWebKit/537.36 (KHTML, like Gecko) Chrome/86.0.4240.198 Safari/537.36"
::1 - - [21/Nov/2020:14:15:52 +0000] "GET /products?search=&type=all HTTP/1.1" 304 - "http://localhost:3006/" "Mozilla/5.0 (Macintosh; Intel Mac OS X 10_15_4) AppleWebKit/537.36 (KHTML, like Gecko) Chrome/86.0.4240.198 Safari/537.36"
::1 - - [21/Nov/2020:14:21:52 +0000] "GET /products?search=&type=all HTTP/1.1" 304 - "http://localhost:3006/" "Mozilla/5.0 (Macintosh; Intel Mac OS X 10_15_4) AppleWebKit/537.36 (KHTML, like Gecko) Chrome/86.0.4240.198 Safari/537.36"
::1 - - [21/Nov/2020:14:22:14 +0000] "GET /products?search=&type=all HTTP/1.1" 304 - "http://localhost:3006/" "Mozilla/5.0 (Macintosh; Intel Mac OS X 10_15_4) AppleWebKit/537.36 (KHTML, like Gecko) Chrome/86.0.4240.198 Safari/537.36"
::1 - - [21/Nov/2020:14:25:53 +0000] "GET /products?search=&type=all HTTP/1.1" 304 - "http://localhost:3006/" "Mozilla/5.0 (Macintosh; Intel Mac OS X 10_15_4) AppleWebKit/537.36 (KHTML, like Gecko) Chrome/86.0.4240.198 Safari/537.36"
::1 - - [21/Nov/2020:14:26:49 +0000] "GET /products?search=&type=all HTTP/1.1" 304 - "http://localhost:3006/" "Mozilla/5.0 (Macintosh; Intel Mac OS X 10_15_4) AppleWebKit/537.36 (KHTML, like Gecko) Chrome/86.0.4240.198 Safari/537.36"
::1 - - [21/Nov/2020:14:27:54 +0000] "GET /products?search=&type=all HTTP/1.1" 304 - "http://localhost:3006/" "Mozilla/5.0 (Macintosh; Intel Mac OS X 10_15_4) AppleWebKit/537.36 (KHTML, like Gecko) Chrome/86.0.4240.198 Safari/537.36"
::1 - - [21/Nov/2020:14:28:06 +0000] "GET /products?search=&type=all HTTP/1.1" 304 - "http://localhost:3006/" "Mozilla/5.0 (Macintosh; Intel Mac OS X 10_15_4) AppleWebKit/537.36 (KHTML, like Gecko) Chrome/86.0.4240.198 Safari/537.36"
::1 - - [21/Nov/2020:14:28:36 +0000] "GET /products?search=&type=all HTTP/1.1" 304 - "http://localhost:3006/" "Mozilla/5.0 (Macintosh; Intel Mac OS X 10_15_4) AppleWebKit/537.36 (KHTML, like Gecko) Chrome/86.0.4240.198 Safari/537.36"
::1 - - [21/Nov/2020:14:29:15 +0000] "GET /products?search=&type=all HTTP/1.1" 304 - "http://localhost:3006/" "Mozilla/5.0 (Macintosh; Intel Mac OS X 10_15_4) AppleWebKit/537.36 (KHTML, like Gecko) Chrome/86.0.4240.198 Safari/537.36"
::1 - - [21/Nov/2020:14:29:37 +0000] "GET /products?search=&type=all HTTP/1.1" 304 - "http://localhost:3006/" "Mozilla/5.0 (Macintosh; Intel Mac OS X 10_15_4) AppleWebKit/537.36 (KHTML, like Gecko) Chrome/86.0.4240.198 Safari/537.36"
::1 - - [21/Nov/2020:14:30:20 +0000] "GET /products?search=&type=all HTTP/1.1" 304 - "http://localhost:3006/" "Mozilla/5.0 (Macintosh; Intel Mac OS X 10_15_4) AppleWebKit/537.36 (KHTML, like Gecko) Chrome/86.0.4240.198 Safari/537.36"
::1 - - [21/Nov/2020:14:31:15 +0000] "GET /products?search=&type=all HTTP/1.1" 304 - "http://localhost:3006/" "Mozilla/5.0 (Macintosh; Intel Mac OS X 10_15_4) AppleWebKit/537.36 (KHTML, like Gecko) Chrome/86.0.4240.198 Safari/537.36"
::1 - - [21/Nov/2020:14:32:21 +0000] "GET /products?search=&type=all HTTP/1.1" 304 - "http://localhost:3006/" "Mozilla/5.0 (Macintosh; Intel Mac OS X 10_15_4) AppleWebKit/537.36 (KHTML, like Gecko) Chrome/86.0.4240.198 Safari/537.36"
::1 - - [21/Nov/2020:14:32:27 +0000] "GET /products?search=apple-1&type=all HTTP/1.1" 200 50 "http://localhost:3006/" "Mozilla/5.0 (Macintosh; Intel Mac OS X 10_15_4) AppleWebKit/537.36 (KHTML, like Gecko) Chrome/86.0.4240.198 Safari/537.36"
::1 - - [21/Nov/2020:14:33:10 +0000] "GET /products?search=&type=all HTTP/1.1" 304 - "http://localhost:3006/" "Mozilla/5.0 (Macintosh; Intel Mac OS X 10_15_4) AppleWebKit/537.36 (KHTML, like Gecko) Chrome/86.0.4240.198 Safari/537.36"
::1 - - [21/Nov/2020:14:33:52 +0000] "GET /products?search=&type=apples HTTP/1.1" 200 344 "http://localhost:3006/" "Mozilla/5.0 (Macintosh; Intel Mac OS X 10_15_4) AppleWebKit/537.36 (KHTML, like Gecko) Chrome/86.0.4240.198 Safari/537.36"
::1 - - [21/Nov/2020:14:33:53 +0000] "GET /products?search=&type=apples HTTP/1.1" 304 - "http://localhost:3006/" "Mozilla/5.0 (Macintosh; Intel Mac OS X 10_15_4) AppleWebKit/537.36 (KHTML, like Gecko) Chrome/86.0.4240.198 Safari/537.36"
::1 - - [21/Nov/2020:14:37:16 +0000] "GET /products?search=&type=all HTTP/1.1" 304 - "http://localhost:3006/" "Mozilla/5.0 (Macintosh; Intel Mac OS X 10_15_4) AppleWebKit/537.36 (KHTML, like Gecko) Chrome/86.0.4240.198 Safari/537.36"
::1 - - [21/Nov/2020:14:37:23 +0000] "GET /products?search=&type=apples HTTP/1.1" 304 - "http://localhost:3006/" "Mozilla/5.0 (Macintosh; Intel Mac OS X 10_15_4) AppleWebKit/537.36 (KHTML, like Gecko) Chrome/86.0.4240.198 Safari/537.36"
::1 - - [21/Nov/2020:14:37:27 +0000] "GET /products?search=&type=all HTTP/1.1" 304 - "http://localhost:3006/" "Mozilla/5.0 (Macintosh; Intel Mac OS X 10_15_4) AppleWebKit/537.36 (KHTML, like Gecko) Chrome/86.0.4240.198 Safari/537.36"
::1 - - [21/Nov/2020:14:37:37 +0000] "GET /products?search=&type=bananas HTTP/1.1" 200 256 "http://localhost:3006/" "Mozilla/5.0 (Macintosh; Intel Mac OS X 10_15_4) AppleWebKit/537.36 (KHTML, like Gecko) Chrome/86.0.4240.198 Safari/537.36"
::1 - - [21/Nov/2020:14:37:41 +0000] "GET /products?search=&type=all HTTP/1.1" 304 - "http://localhost:3006/" "Mozilla/5.0 (Macintosh; Intel Mac OS X 10_15_4) AppleWebKit/537.36 (KHTML, like Gecko) Chrome/86.0.4240.198 Safari/537.36"
::1 - - [21/Nov/2020:14:41:28 +0000] "GET /products?search=&type=all HTTP/1.1" 304 - "http://localhost:3006/" "Mozilla/5.0 (Macintosh; Intel Mac OS X 10_15_4) AppleWebKit/537.36 (KHTML, like Gecko) Chrome/86.0.4240.198 Safari/537.36"
::1 - - [21/Nov/2020:14:41:29 +0000] "GET /products?search=&type=all HTTP/1.1" 304 - "http://localhost:3006/" "Mozilla/5.0 (Macintosh; Intel Mac OS X 10_15_4) AppleWebKit/537.36 (KHTML, like Gecko) Chrome/86.0.4240.198 Safari/537.36"
::1 - - [21/Nov/2020:14:41:33 +0000] "GET /products?search=&type=all HTTP/1.1" 304 - "http://localhost:3006/" "Mozilla/5.0 (Macintosh; Intel Mac OS X 10_15_4) AppleWebKit/537.36 (KHTML, like Gecko) Chrome/86.0.4240.198 Safari/537.36"
::1 - - [21/Nov/2020:14:42:06 +0000] "GET /products?search=&type=all HTTP/1.1" 304 - "http://localhost:3006/" "Mozilla/5.0 (Macintosh; Intel Mac OS X 10_15_4) AppleWebKit/537.36 (KHTML, like Gecko) Chrome/86.0.4240.198 Safari/537.36"
::1 - - [21/Nov/2020:14:46:48 +0000] "GET /products?search=&type=all HTTP/1.1" 304 - "http://localhost:3006/" "Mozilla/5.0 (Macintosh; Intel Mac OS X 10_15_4) AppleWebKit/537.36 (KHTML, like Gecko) Chrome/86.0.4240.198 Safari/537.36"
::1 - - [21/Nov/2020:14:47:18 +0000] "GET /products?search=&type=all HTTP/1.1" 304 - "http://localhost:3006/" "Mozilla/5.0 (Macintosh; Intel Mac OS X 10_15_4) AppleWebKit/537.36 (KHTML, like Gecko) Chrome/86.0.4240.198 Safari/537.36"
::1 - - [21/Nov/2020:14:47:46 +0000] "GET /products?search=&type=all HTTP/1.1" 304 - "http://localhost:3006/" "Mozilla/5.0 (Macintosh; Intel Mac OS X 10_15_4) AppleWebKit/537.36 (KHTML, like Gecko) Chrome/86.0.4240.198 Safari/537.36"
::1 - - [21/Nov/2020:14:47:52 +0000] "GET /products?search=&type=all HTTP/1.1" 304 - "http://localhost:3006/" "Mozilla/5.0 (Macintosh; Intel Mac OS X 10_15_4) AppleWebKit/537.36 (KHTML, like Gecko) Chrome/86.0.4240.198 Safari/537.36"
::1 - - [21/Nov/2020:14:48:36 +0000] "GET /products?search=&type=all HTTP/1.1" 304 - "http://localhost:3006/" "Mozilla/5.0 (Macintosh; Intel Mac OS X 10_15_4) AppleWebKit/537.36 (KHTML, like Gecko) Chrome/86.0.4240.198 Safari/537.36"
::1 - - [21/Nov/2020:14:49:04 +0000] "GET /products?search=&type=all HTTP/1.1" 304 - "http://localhost:3006/" "Mozilla/5.0 (Macintosh; Intel Mac OS X 10_15_4) AppleWebKit/537.36 (KHTML, like Gecko) Chrome/86.0.4240.198 Safari/537.36"
::1 - - [21/Nov/2020:14:49:27 +0000] "GET /products?search=&type=all HTTP/1.1" 304 - "http://localhost:3006/" "Mozilla/5.0 (Macintosh; Intel Mac OS X 10_15_4) AppleWebKit/537.36 (KHTML, like Gecko) Chrome/86.0.4240.198 Safari/537.36"
::1 - - [21/Nov/2020:14:49:39 +0000] "GET /products?search=&type=all HTTP/1.1" 304 - "http://localhost:3006/" "Mozilla/5.0 (Macintosh; Intel Mac OS X 10_15_4) AppleWebKit/537.36 (KHTML, like Gecko) Chrome/86.0.4240.198 Safari/537.36"
::1 - - [21/Nov/2020:14:49:56 +0000] "GET /products?search=&type=all HTTP/1.1" 304 - "http://localhost:3006/" "Mozilla/5.0 (Macintosh; Intel Mac OS X 10_15_4) AppleWebKit/537.36 (KHTML, like Gecko) Chrome/86.0.4240.198 Safari/537.36"
::1 - - [21/Nov/2020:14:50:31 +0000] "GET /products?search=&type=all HTTP/1.1" 304 - "http://localhost:3006/" "Mozilla/5.0 (Macintosh; Intel Mac OS X 10_15_4) AppleWebKit/537.36 (KHTML, like Gecko) Chrome/86.0.4240.198 Safari/537.36"
::1 - - [21/Nov/2020:14:50:34 +0000] "GET /products?search=&type=all HTTP/1.1" 304 - "http://localhost:3006/" "Mozilla/5.0 (Macintosh; Intel Mac OS X 10_15_4) AppleWebKit/537.36 (KHTML, like Gecko) Chrome/86.0.4240.198 Safari/537.36"
::1 - - [21/Nov/2020:14:50:45 +0000] "GET /products?search=&type=all HTTP/1.1" 304 - "http://localhost:3006/" "Mozilla/5.0 (Macintosh; Intel Mac OS X 10_15_4) AppleWebKit/537.36 (KHTML, like Gecko) Chrome/86.0.4240.198 Safari/537.36"
::1 - - [21/Nov/2020:14:52:06 +0000] "GET /products?search=&type=all HTTP/1.1" 304 - "http://localhost:3006/" "Mozilla/5.0 (Macintosh; Intel Mac OS X 10_15_4) AppleWebKit/537.36 (KHTML, like Gecko) Chrome/86.0.4240.198 Safari/537.36"
::1 - - [21/Nov/2020:14:52:27 +0000] "GET /products?search=&type=all HTTP/1.1" 304 - "http://localhost:3006/" "Mozilla/5.0 (Macintosh; Intel Mac OS X 10_15_4) AppleWebKit/537.36 (KHTML, like Gecko) Chrome/86.0.4240.198 Safari/537.36"
::1 - - [21/Nov/2020:14:53:02 +0000] "GET /products?search=&type=all HTTP/1.1" 304 - "http://localhost:3006/" "Mozilla/5.0 (Macintosh; Intel Mac OS X 10_15_4) AppleWebKit/537.36 (KHTML, like Gecko) Chrome/86.0.4240.198 Safari/537.36"
::1 - - [21/Nov/2020:14:53:05 +0000] "GET /products?search=&type=all HTTP/1.1" 304 - "http://localhost:3006/" "Mozilla/5.0 (Macintosh; Intel Mac OS X 10_15_4) AppleWebKit/537.36 (KHTML, like Gecko) Chrome/86.0.4240.198 Safari/537.36"
::1 - - [21/Nov/2020:14:53:15 +0000] "GET /products?search=&type=all HTTP/1.1" 304 - "http://localhost:3006/" "Mozilla/5.0 (Macintosh; Intel Mac OS X 10_15_4) AppleWebKit/537.36 (KHTML, like Gecko) Chrome/86.0.4240.198 Safari/537.36"
::1 - - [21/Nov/2020:15:03:23 +0000] "GET /products?search=&type=all HTTP/1.1" 304 - "http://localhost:3006/" "Mozilla/5.0 (Macintosh; Intel Mac OS X 10_15_4) AppleWebKit/537.36 (KHTML, like Gecko) Chrome/86.0.4240.198 Safari/537.36"
::1 - - [21/Nov/2020:15:03:27 +0000] "GET /products?search=&type=apples HTTP/1.1" 304 - "http://localhost:3006/" "Mozilla/5.0 (Macintosh; Intel Mac OS X 10_15_4) AppleWebKit/537.36 (KHTML, like Gecko) Chrome/86.0.4240.198 Safari/537.36"
::1 - - [21/Nov/2020:15:03:29 +0000] "GET /products?search=&type=all HTTP/1.1" 304 - "http://localhost:3006/" "Mozilla/5.0 (Macintosh; Intel Mac OS X 10_15_4) AppleWebKit/537.36 (KHTML, like Gecko) Chrome/86.0.4240.198 Safari/537.36"
::1 - - [21/Nov/2020:15:03:34 +0000] "GET /products?search=&type=all HTTP/1.1" 304 - "http://localhost:3006/" "Mozilla/5.0 (Macintosh; Intel Mac OS X 10_15_4) AppleWebKit/537.36 (KHTML, like Gecko) Chrome/86.0.4240.198 Safari/537.36"
::1 - - [21/Nov/2020:15:04:21 +0000] "GET /products?search=&type=all HTTP/1.1" 304 - "http://localhost:3006/" "Mozilla/5.0 (Macintosh; Intel Mac OS X 10_15_4) AppleWebKit/537.36 (KHTML, like Gecko) Chrome/86.0.4240.198 Safari/537.36"
::1 - - [21/Nov/2020:15:04:49 +0000] "GET /products?search=&type=all HTTP/1.1" 304 - "http://localhost:3006/" "Mozilla/5.0 (Macintosh; Intel Mac OS X 10_15_4) AppleWebKit/537.36 (KHTML, like Gecko) Chrome/86.0.4240.198 Safari/537.36"
::1 - - [21/Nov/2020:15:04:57 +0000] "GET /products?search=&type=all HTTP/1.1" 304 - "http://localhost:3006/" "Mozilla/5.0 (Macintosh; Intel Mac OS X 10_15_4) AppleWebKit/537.36 (KHTML, like Gecko) Chrome/86.0.4240.198 Safari/537.36"
::1 - - [21/Nov/2020:15:05:54 +0000] "GET /products?search=&type=all HTTP/1.1" 304 - "http://localhost:3006/" "Mozilla/5.0 (Macintosh; Intel Mac OS X 10_15_4) AppleWebKit/537.36 (KHTML, like Gecko) Chrome/86.0.4240.198 Safari/537.36"
::1 - - [21/Nov/2020:15:05:59 +0000] "GET /products?search=&type=all HTTP/1.1" 304 - "http://localhost:3006/" "Mozilla/5.0 (Macintosh; Intel Mac OS X 10_15_4) AppleWebKit/537.36 (KHTML, like Gecko) Chrome/86.0.4240.198 Safari/537.36"
::1 - - [21/Nov/2020:15:06:52 +0000] "GET /products?search=&type=all HTTP/1.1" 304 - "http://localhost:3006/" "Mozilla/5.0 (Macintosh; Intel Mac OS X 10_15_4) AppleWebKit/537.36 (KHTML, like Gecko) Chrome/86.0.4240.198 Safari/537.36"
::1 - - [21/Nov/2020:15:07:06 +0000] "GET /products?search=&type=all HTTP/1.1" 304 - "http://localhost:3006/" "Mozilla/5.0 (Macintosh; Intel Mac OS X 10_15_4) AppleWebKit/537.36 (KHTML, like Gecko) Chrome/86.0.4240.198 Safari/537.36"
::1 - - [21/Nov/2020:15:07:12 +0000] "GET /products?search=&type=all HTTP/1.1" 304 - "http://localhost:3006/" "Mozilla/5.0 (Macintosh; Intel Mac OS X 10_15_4) AppleWebKit/537.36 (KHTML, like Gecko) Chrome/86.0.4240.198 Safari/537.36"
::1 - - [21/Nov/2020:15:07:16 +0000] "GET /products?search=&type=all HTTP/1.1" 304 - "http://localhost:3006/" "Mozilla/5.0 (Macintosh; Intel Mac OS X 10_15_4) AppleWebKit/537.36 (KHTML, like Gecko) Chrome/86.0.4240.198 Safari/537.36"
::1 - - [21/Nov/2020:15:07:21 +0000] "GET /products?search=&type=all HTTP/1.1" 304 - "http://localhost:3006/" "Mozilla/5.0 (Macintosh; Intel Mac OS X 10_15_4) AppleWebKit/537.36 (KHTML, like Gecko) Chrome/86.0.4240.198 Safari/537.36"
::1 - - [21/Nov/2020:15:07:27 +0000] "GET /products?search=&type=all HTTP/1.1" 304 - "http://localhost:3006/" "Mozilla/5.0 (Macintosh; Intel Mac OS X 10_15_4) AppleWebKit/537.36 (KHTML, like Gecko) Chrome/86.0.4240.198 Safari/537.36"
::1 - - [21/Nov/2020:15:07:42 +0000] "GET /products?search=&type=all HTTP/1.1" 304 - "http://localhost:3006/" "Mozilla/5.0 (Macintosh; Intel Mac OS X 10_15_4) AppleWebKit/537.36 (KHTML, like Gecko) Chrome/86.0.4240.198 Safari/537.36"
::1 - - [21/Nov/2020:15:08:16 +0000] "GET /products?search= HTTP/1.1" 200 2 "http://localhost:3006/" "Mozilla/5.0 (Macintosh; Intel Mac OS X 10_15_4) AppleWebKit/537.36 (KHTML, like Gecko) Chrome/86.0.4240.198 Safari/537.36"
::1 - - [21/Nov/2020:15:08:20 +0000] "GET /products?search= HTTP/1.1" 304 - "http://localhost:3006/" "Mozilla/5.0 (Macintosh; Intel Mac OS X 10_15_4) AppleWebKit/537.36 (KHTML, like Gecko) Chrome/86.0.4240.198 Safari/537.36"
::1 - - [21/Nov/2020:15:08:21 +0000] "GET /products?search= HTTP/1.1" 304 - "http://localhost:3006/" "Mozilla/5.0 (Macintosh; Intel Mac OS X 10_15_4) AppleWebKit/537.36 (KHTML, like Gecko) Chrome/86.0.4240.198 Safari/537.36"
::1 - - [21/Nov/2020:15:08:26 +0000] "GET /products?search= HTTP/1.1" 304 - "http://localhost:3006/" "Mozilla/5.0 (Macintosh; Intel Mac OS X 10_15_4) AppleWebKit/537.36 (KHTML, like Gecko) Chrome/86.0.4240.198 Safari/537.36"
::1 - - [21/Nov/2020:15:08:31 +0000] "GET /products?search= HTTP/1.1" 304 - "http://localhost:3006/" "Mozilla/5.0 (Macintosh; Intel Mac OS X 10_15_4) AppleWebKit/537.36 (KHTML, like Gecko) Chrome/86.0.4240.198 Safari/537.36"
::1 - - [21/Nov/2020:15:09:06 +0000] "GET /products?search=&type=all HTTP/1.1" 304 - "http://localhost:3006/" "Mozilla/5.0 (Macintosh; Intel Mac OS X 10_15_4) AppleWebKit/537.36 (KHTML, like Gecko) Chrome/86.0.4240.198 Safari/537.36"
::1 - - [21/Nov/2020:15:09:08 +0000] "GET /products?search=&type=all HTTP/1.1" 304 - "http://localhost:3006/" "Mozilla/5.0 (Macintosh; Intel Mac OS X 10_15_4) AppleWebKit/537.36 (KHTML, like Gecko) Chrome/86.0.4240.198 Safari/537.36"
::1 - - [21/Nov/2020:15:09:19 +0000] "GET /products?search=&type=all HTTP/1.1" 304 - "http://localhost:3006/" "Mozilla/5.0 (Macintosh; Intel Mac OS X 10_15_4) AppleWebKit/537.36 (KHTML, like Gecko) Chrome/86.0.4240.198 Safari/537.36"
::1 - - [21/Nov/2020:15:09:24 +0000] "GET /products?search=&type=all HTTP/1.1" 304 - "http://localhost:3006/" "Mozilla/5.0 (Macintosh; Intel Mac OS X 10_15_4) AppleWebKit/537.36 (KHTML, like Gecko) Chrome/86.0.4240.198 Safari/537.36"
::1 - - [21/Nov/2020:15:10:31 +0000] "GET /products?search=&type=all HTTP/1.1" 304 - "http://localhost:3006/" "Mozilla/5.0 (Macintosh; Intel Mac OS X 10_15_4) AppleWebKit/537.36 (KHTML, like Gecko) Chrome/86.0.4240.198 Safari/537.36"
::1 - - [21/Nov/2020:15:10:36 +0000] "GET /products?search=&type=all HTTP/1.1" 304 - "http://localhost:3006/" "Mozilla/5.0 (Macintosh; Intel Mac OS X 10_15_4) AppleWebKit/537.36 (KHTML, like Gecko) Chrome/86.0.4240.198 Safari/537.36"
::1 - - [21/Nov/2020:15:10:44 +0000] "GET /products?search=&type=all HTTP/1.1" 304 - "http://localhost:3006/" "Mozilla/5.0 (Macintosh; Intel Mac OS X 10_15_4) AppleWebKit/537.36 (KHTML, like Gecko) Chrome/86.0.4240.198 Safari/537.36"
::1 - - [21/Nov/2020:15:10:47 +0000] "GET /products?search=&type=apples HTTP/1.1" 304 - "http://localhost:3006/" "Mozilla/5.0 (Macintosh; Intel Mac OS X 10_15_4) AppleWebKit/537.36 (KHTML, like Gecko) Chrome/86.0.4240.198 Safari/537.36"
::1 - - [21/Nov/2020:15:10:53 +0000] "GET /products?search=apple-1&type=all HTTP/1.1" 304 - "http://localhost:3006/" "Mozilla/5.0 (Macintosh; Intel Mac OS X 10_15_4) AppleWebKit/537.36 (KHTML, like Gecko) Chrome/86.0.4240.198 Safari/537.36"
::1 - - [21/Nov/2020:15:11:02 +0000] "GET /products?search=apple-1&type=all HTTP/1.1" 304 - "http://localhost:3006/" "Mozilla/5.0 (Macintosh; Intel Mac OS X 10_15_4) AppleWebKit/537.36 (KHTML, like Gecko) Chrome/86.0.4240.198 Safari/537.36"
::1 - - [21/Nov/2020:15:11:54 +0000] "GET /products?search=&type=all HTTP/1.1" 304 - "http://localhost:3006/" "Mozilla/5.0 (Macintosh; Intel Mac OS X 10_15_4) AppleWebKit/537.36 (KHTML, like Gecko) Chrome/86.0.4240.198 Safari/537.36"
::1 - - [21/Nov/2020:15:11:57 +0000] "GET /products?search=&type=all HTTP/1.1" 304 - "http://localhost:3006/" "Mozilla/5.0 (Macintosh; Intel Mac OS X 10_15_4) AppleWebKit/537.36 (KHTML, like Gecko) Chrome/86.0.4240.198 Safari/537.36"
::1 - - [21/Nov/2020:15:12:13 +0000] "GET /products?search=&type=all HTTP/1.1" 304 - "http://localhost:3006/" "Mozilla/5.0 (Macintosh; Intel Mac OS X 10_15_4) AppleWebKit/537.36 (KHTML, like Gecko) Chrome/86.0.4240.198 Safari/537.36"
::1 - - [21/Nov/2020:15:12:22 +0000] "GET /products?search=&type=all HTTP/1.1" 304 - "http://localhost:3006/" "Mozilla/5.0 (Macintosh; Intel Mac OS X 10_15_4) AppleWebKit/537.36 (KHTML, like Gecko) Chrome/86.0.4240.198 Safari/537.36"
::1 - - [21/Nov/2020:15:12:24 +0000] "GET /products?search=&type=all HTTP/1.1" 304 - "http://localhost:3006/" "Mozilla/5.0 (Macintosh; Intel Mac OS X 10_15_4) AppleWebKit/537.36 (KHTML, like Gecko) Chrome/86.0.4240.198 Safari/537.36"
::1 - - [21/Nov/2020:15:12:49 +0000] "GET /products?search=&type=all HTTP/1.1" 304 - "http://localhost:3006/" "Mozilla/5.0 (Macintosh; Intel Mac OS X 10_15_4) AppleWebKit/537.36 (KHTML, like Gecko) Chrome/86.0.4240.198 Safari/537.36"
::1 - - [21/Nov/2020:15:13:00 +0000] "GET /products?search=&type=all HTTP/1.1" 304 - "http://localhost:3006/" "Mozilla/5.0 (Macintosh; Intel Mac OS X 10_15_4) AppleWebKit/537.36 (KHTML, like Gecko) Chrome/86.0.4240.198 Safari/537.36"
::1 - - [21/Nov/2020:15:13:07 +0000] "GET /products?search=&type=all HTTP/1.1" 304 - "http://localhost:3006/" "Mozilla/5.0 (Macintosh; Intel Mac OS X 10_15_4) AppleWebKit/537.36 (KHTML, like Gecko) Chrome/86.0.4240.198 Safari/537.36"
::1 - - [21/Nov/2020:15:13:19 +0000] "GET /products?search=&type=all HTTP/1.1" 304 - "http://localhost:3006/" "Mozilla/5.0 (Macintosh; Intel Mac OS X 10_15_4) AppleWebKit/537.36 (KHTML, like Gecko) Chrome/86.0.4240.198 Safari/537.36"
::1 - - [21/Nov/2020:15:13:29 +0000] "GET /products?search=&type=all HTTP/1.1" 304 - "http://localhost:3006/" "Mozilla/5.0 (Macintosh; Intel Mac OS X 10_15_4) AppleWebKit/537.36 (KHTML, like Gecko) Chrome/86.0.4240.198 Safari/537.36"
::1 - - [21/Nov/2020:15:13:50 +0000] "GET /products?search=&type=all HTTP/1.1" 304 - "http://localhost:3006/" "Mozilla/5.0 (Macintosh; Intel Mac OS X 10_15_4) AppleWebKit/537.36 (KHTML, like Gecko) Chrome/86.0.4240.198 Safari/537.36"
::1 - - [21/Nov/2020:15:13:56 +0000] "GET /products?search=&type=all HTTP/1.1" 304 - "http://localhost:3006/" "Mozilla/5.0 (Macintosh; Intel Mac OS X 10_15_4) AppleWebKit/537.36 (KHTML, like Gecko) Chrome/86.0.4240.198 Safari/537.36"
::1 - - [21/Nov/2020:15:15:33 +0000] "GET /products?search=&type=all HTTP/1.1" 304 - "http://localhost:3006/" "Mozilla/5.0 (Macintosh; Intel Mac OS X 10_15_4) AppleWebKit/537.36 (KHTML, like Gecko) Chrome/86.0.4240.198 Safari/537.36"
::1 - - [21/Nov/2020:15:17:22 +0000] "GET /products?search=&type=all HTTP/1.1" 304 - "http://localhost:3006/" "Mozilla/5.0 (Macintosh; Intel Mac OS X 10_15_4) AppleWebKit/537.36 (KHTML, like Gecko) Chrome/86.0.4240.198 Safari/537.36"
::1 - - [21/Nov/2020:15:17:39 +0000] "GET /products?search=&type=all HTTP/1.1" 304 - "http://localhost:3006/" "Mozilla/5.0 (Macintosh; Intel Mac OS X 10_15_4) AppleWebKit/537.36 (KHTML, like Gecko) Chrome/86.0.4240.198 Safari/537.36"
::1 - - [21/Nov/2020:15:17:54 +0000] "GET /products?search=&type=all HTTP/1.1" 304 - "http://localhost:3006/" "Mozilla/5.0 (Macintosh; Intel Mac OS X 10_15_4) AppleWebKit/537.36 (KHTML, like Gecko) Chrome/86.0.4240.198 Safari/537.36"
::1 - - [21/Nov/2020:15:19:31 +0000] "GET /products?search=&type=all HTTP/1.1" 304 - "http://localhost:3006/" "Mozilla/5.0 (Macintosh; Intel Mac OS X 10_15_4) AppleWebKit/537.36 (KHTML, like Gecko) Chrome/86.0.4240.198 Safari/537.36"
::1 - - [21/Nov/2020:15:19:58 +0000] "GET /products?search=&type=all HTTP/1.1" 304 - "http://localhost:3006/" "Mozilla/5.0 (Macintosh; Intel Mac OS X 10_15_4) AppleWebKit/537.36 (KHTML, like Gecko) Chrome/86.0.4240.198 Safari/537.36"
